[2025-04-11 10:42:24] DEBUG: Thread 0: Debug message 0
[2025-04-11 10:42:24] DEBUG: Thread 2: Debug message 0
[2025-04-11 10:42:24] DEBUG: Thread 1: Debug message 0
[2025-04-11 10:42:24] DEBUG: Thread 3: Debug message 0
[2025-04-11 10:42:24] DEBUG: Thread 4: Debug message 0
[2025-04-11 10:42:24] WARN: Thread 4: Warning message 0
[2025-04-11 10:42:24] ERROR: Thread 4: Error message 0
[2025-04-11 10:42:24] DEBUG: Thread 4: Debug message 1
[2025-04-11 10:42:24] WARN: Thread 4: Warning message 1
[2025-04-11 10:42:24] ERROR: Thread 4: Error message 1
[2025-04-11 10:42:24] DEBUG: Thread 4: Debug message 2
[2025-04-11 10:42:24] WARN: Thread 4: Warning message 2
[2025-04-11 10:42:24] ERROR: Thread 4: Error message 2
[2025-04-11 10:42:24] DEBUG: Thread 4: Debug message 3
[2025-04-11 10:42:24] WARN: Thread 4: Warning message 3
[2025-04-11 10:42:24] ERROR: Thread 4: Error message 3
[2025-04-11 10:42:24] DEBUG: Thread 4: Debug message 4
[2025-04-11 10:42:24] WARN: Thread 4: Warning message 4
[2025-04-11 10:42:24] ERROR: Thread 4: Error message 4
[2025-04-11 10:42:24] WARN: Thread 1: Warning message 0
[2025-04-11 10:42:24] ERROR: Thread 1: Error message 0
[2025-04-11 10:42:24] DEBUG: Thread 1: Debug message 1
[2025-04-11 10:42:24] WARN: Thread 1: Warning message 1
[2025-04-11 10:42:24] ERROR: Thread 1: Error message 1
[2025-04-11 10:42:24] DEBUG: Thread 1: Debug message 2
[2025-04-11 10:42:24] WARN: Thread 1: Warning message 2
[2025-04-11 10:42:24] ERROR: Thread 1: Error message 2
[2025-04-11 10:42:24] DEBUG: Thread 1: Debug message 3
[2025-04-11 10:42:24] WARN: Thread 1: Warning message 3
[2025-04-11 10:42:24] ERROR: Thread 1: Error message 3
[2025-04-11 10:42:24] DEBUG: Thread 1: Debug message 4
[2025-04-11 10:42:24] WARN: Thread 1: Warning message 4
[2025-04-11 10:42:24] ERROR: Thread 1: Error message 4
[2025-04-11 10:42:24] WARN: Thread 0: Warning message 0
[2025-04-11 10:42:24] ERROR: Thread 0: Error message 0
[2025-04-11 10:42:24] DEBUG: Thread 0: Debug message 1
[2025-04-11 10:42:24] WARN: Thread 0: Warning message 1
[2025-04-11 10:42:24] ERROR: Thread 0: Error message 1
[2025-04-11 10:42:24] DEBUG: Thread 0: Debug message 2
[2025-04-11 10:42:24] WARN: Thread 0: Warning message 2
[2025-04-11 10:42:24] ERROR: Thread 0: Error message 2
[2025-04-11 10:42:24] DEBUG: Thread 0: Debug message 3
[2025-04-11 10:42:24] WARN: Thread 0: Warning message 3
[2025-04-11 10:42:24] ERROR: Thread 0: Error message 3
[2025-04-11 10:42:24] DEBUG: Thread 0: Debug message 4
[2025-04-11 10:42:24] WARN: Thread 0: Warning message 4
[2025-04-11 10:42:24] ERROR: Thread 0: Error message 4
[2025-04-11 10:42:24] WARN: Thread 3: Warning message 0
[2025-04-11 10:42:24] ERROR: Thread 3: Error message 0
[2025-04-11 10:42:24] DEBUG: Thread 3: Debug message 1
[2025-04-11 10:42:24] WARN: Thread 3: Warning message 1
[2025-04-11 10:42:24] ERROR: Thread 3: Error message 1
[2025-04-11 10:42:24] WARN: Thread 2: Warning message 0
[2025-04-11 10:42:24] DEBUG: Thread 3: Debug message 2
[2025-04-11 10:42:24] WARN: Thread 3: Warning message 2
[2025-04-11 10:42:24] ERROR: Thread 3: Error message 2
[2025-04-11 10:42:24] DEBUG: Thread 3: Debug message 3
[2025-04-11 10:42:24] WARN: Thread 3: Warning message 3
[2025-04-11 10:42:24] ERROR: Thread 3: Error message 3
[2025-04-11 10:42:24] DEBUG: Thread 3: Debug message 4
[2025-04-11 10:42:24] ERROR: Thread 2: Error message 0
[2025-04-11 10:42:24] DEBUG: Thread 2: Debug message 1
[2025-04-11 10:42:24] WARN: Thread 2: Warning message 1
[2025-04-11 10:42:24] ERROR: Thread 2: Error message 1
[2025-04-11 10:42:24] DEBUG: Thread 2: Debug message 2
[2025-04-11 10:42:24] WARN: Thread 2: Warning message 2
[2025-04-11 10:42:24] ERROR: Thread 2: Error message 2
[2025-04-11 10:42:24] DEBUG: Thread 2: Debug message 3
[2025-04-11 10:42:24] WARN: Thread 2: Warning message 3
[2025-04-11 10:42:24] ERROR: Thread 2: Error message 3
[2025-04-11 10:42:24] DEBUG: Thread 2: Debug message 4
[2025-04-11 10:42:24] WARN: Thread 2: Warning message 4
[2025-04-11 10:42:24] ERROR: Thread 2: Error message 4
[2025-04-11 10:42:24] WARN: Thread 3: Warning message 4
[2025-04-11 10:42:24] ERROR: Thread 3: Error message 4
[2025-04-11 10:43:47] DEBUG: Thread 0: Debug message 0
[2025-04-11 10:43:47] WARN: Thread 0: Warning message 0
[2025-04-11 10:43:47] ERROR: Thread 0: Error message 0
[2025-04-11 10:43:47] DEBUG: Thread 3: Debug message 0
[2025-04-11 10:43:47] WARN: Thread 3: Warning message 0
[2025-04-11 10:43:47] ERROR: Thread 3: Error message 0
[2025-04-11 10:43:47] DEBUG: Thread 3: Debug message 1
[2025-04-11 10:43:47] WARN: Thread 3: Warning message 1
[2025-04-11 10:43:47] ERROR: Thread 3: Error message 1
[2025-04-11 10:43:47] DEBUG: Thread 3: Debug message 2
[2025-04-11 10:43:47] WARN: Thread 3: Warning message 2
[2025-04-11 10:43:47] ERROR: Thread 3: Error message 2
[2025-04-11 10:43:47] DEBUG: Thread 3: Debug message 3
[2025-04-11 10:43:47] WARN: Thread 3: Warning message 3
[2025-04-11 10:43:47] ERROR: Thread 3: Error message 3
[2025-04-11 10:43:47] DEBUG: Thread 3: Debug message 4
[2025-04-11 10:43:47] WARN: Thread 3: Warning message 4
[2025-04-11 10:43:47] ERROR: Thread 3: Error message 4
[2025-04-11 10:43:47] DEBUG: Thread 2: Debug message 0
[2025-04-11 10:43:47] WARN: Thread 2: Warning message 0
[2025-04-11 10:43:47] ERROR: Thread 2: Error message 0
[2025-04-11 10:43:47] DEBUG: Thread 2: Debug message 1
[2025-04-11 10:43:47] WARN: Thread 2: Warning message 1
[2025-04-11 10:43:47] ERROR: Thread 2: Error message 1
[2025-04-11 10:43:47] DEBUG: Thread 2: Debug message 2
[2025-04-11 10:43:47] WARN: Thread 2: Warning message 2
[2025-04-11 10:43:47] ERROR: Thread 2: Error message 2
[2025-04-11 10:43:47] DEBUG: Thread 2: Debug message 3
[2025-04-11 10:43:47] WARN: Thread 2: Warning message 3
[2025-04-11 10:43:47] ERROR: Thread 2: Error message 3
[2025-04-11 10:43:47] DEBUG: Thread 2: Debug message 4
[2025-04-11 10:43:47] WARN: Thread 2: Warning message 4
[2025-04-11 10:43:47] ERROR: Thread 2: Error message 4
[2025-04-11 10:43:47] DEBUG: Thread 4: Debug message 0
[2025-04-11 10:43:47] WARN: Thread 4: Warning message 0
[2025-04-11 10:43:47] ERROR: Thread 4: Error message 0
[2025-04-11 10:43:47] DEBUG: Thread 4: Debug message 1
[2025-04-11 10:43:47] WARN: Thread 4: Warning message 1
[2025-04-11 10:43:47] ERROR: Thread 4: Error message 1
[2025-04-11 10:43:47] DEBUG: Thread 4: Debug message 2
[2025-04-11 10:43:47] WARN: Thread 4: Warning message 2
[2025-04-11 10:43:47] ERROR: Thread 4: Error message 2
[2025-04-11 10:43:47] DEBUG: Thread 4: Debug message 3
[2025-04-11 10:43:47] WARN: Thread 4: Warning message 3
[2025-04-11 10:43:47] ERROR: Thread 4: Error message 3
[2025-04-11 10:43:47] DEBUG: Thread 4: Debug message 4
[2025-04-11 10:43:47] WARN: Thread 4: Warning message 4
[2025-04-11 10:43:47] ERROR: Thread 4: Error message 4
[2025-04-11 10:43:47] DEBUG: Thread 1: Debug message 0
[2025-04-11 10:43:47] WARN: Thread 1: Warning message 0
[2025-04-11 10:43:47] ERROR: Thread 1: Error message 0
[2025-04-11 10:43:47] DEBUG: Thread 1: Debug message 1
[2025-04-11 10:43:47] WARN: Thread 1: Warning message 1
[2025-04-11 10:43:47] ERROR: Thread 1: Error message 1
[2025-04-11 10:43:47] DEBUG: Thread 1: Debug message 2
[2025-04-11 10:43:47] WARN: Thread 1: Warning message 2
[2025-04-11 10:43:47] ERROR: Thread 1: Error message 2
[2025-04-11 10:43:47] DEBUG: Thread 1: Debug message 3
[2025-04-11 10:43:47] WARN: Thread 1: Warning message 3
[2025-04-11 10:43:47] ERROR: Thread 1: Error message 3
[2025-04-11 10:43:47] DEBUG: Thread 1: Debug message 4
[2025-04-11 10:43:47] WARN: Thread 1: Warning message 4
[2025-04-11 10:43:47] ERROR: Thread 1: Error message 4
[2025-04-11 10:43:47] DEBUG: Thread 0: Debug message 1
[2025-04-11 10:43:47] WARN: Thread 0: Warning message 1
[2025-04-11 10:43:47] ERROR: Thread 0: Error message 1
[2025-04-11 10:43:47] DEBUG: Thread 0: Debug message 2
[2025-04-11 10:43:47] WARN: Thread 0: Warning message 2
[2025-04-11 10:43:47] ERROR: Thread 0: Error message 2
[2025-04-11 10:43:47] DEBUG: Thread 0: Debug message 3
[2025-04-11 10:43:47] WARN: Thread 0: Warning message 3
[2025-04-11 10:43:47] ERROR: Thread 0: Error message 3
[2025-04-11 10:43:47] DEBUG: Thread 0: Debug message 4
[2025-04-11 10:43:47] WARN: Thread 0: Warning message 4
[2025-04-11 10:43:47] ERROR: Thread 0: Error message 4
[2025-04-11 10:47:42] DEBUG: Thread 2: Debug message 0
[2025-04-11 10:47:42] WARN: Thread 2: Warning message 0
[2025-04-11 10:47:42] ERROR: Thread 2: Error message 0
[2025-04-11 10:47:42] DEBUG: Thread 2: Debug message 1
[2025-04-11 10:47:42] WARN: Thread 2: Warning message 1
[2025-04-11 10:47:42] ERROR: Thread 2: Error message 1
[2025-04-11 10:47:42] DEBUG: Thread 2: Debug message 2
[2025-04-11 10:47:42] WARN: Thread 2: Warning message 2
[2025-04-11 10:47:42] ERROR: Thread 2: Error message 2
[2025-04-11 10:47:42] DEBUG: Thread 2: Debug message 3
[2025-04-11 10:47:42] WARN: Thread 2: Warning message 3
[2025-04-11 10:47:42] ERROR: Thread 2: Error message 3
[2025-04-11 10:47:42] DEBUG: Thread 2: Debug message 4
[2025-04-11 10:47:42] WARN: Thread 2: Warning message 4
[2025-04-11 10:47:42] ERROR: Thread 2: Error message 4
[2025-04-11 10:47:42] DEBUG: Thread 3: Debug message 0
[2025-04-11 10:47:42] WARN: Thread 3: Warning message 0
[2025-04-11 10:47:42] ERROR: Thread 3: Error message 0
[2025-04-11 10:47:42] DEBUG: Thread 3: Debug message 1
[2025-04-11 10:47:42] WARN: Thread 3: Warning message 1
[2025-04-11 10:47:42] ERROR: Thread 3: Error message 1
[2025-04-11 10:47:42] DEBUG: Thread 3: Debug message 2
[2025-04-11 10:47:42] DEBUG: Thread 0: Debug message 0
[2025-04-11 10:47:42] DEBUG: Thread 4: Debug message 0
[2025-04-11 10:47:42] WARN: Thread 0: Warning message 0
[2025-04-11 10:47:42] ERROR: Thread 0: Error message 0
[2025-04-11 10:47:42] DEBUG: Thread 0: Debug message 1
[2025-04-11 10:47:42] WARN: Thread 0: Warning message 1
[2025-04-11 10:47:42] ERROR: Thread 0: Error message 1
[2025-04-11 10:47:42] DEBUG: Thread 0: Debug message 2
[2025-04-11 10:47:42] WARN: Thread 0: Warning message 2
[2025-04-11 10:47:42] ERROR: Thread 0: Error message 2
[2025-04-11 10:47:42] DEBUG: Thread 0: Debug message 3
[2025-04-11 10:47:42] WARN: Thread 0: Warning message 3
[2025-04-11 10:47:42] ERROR: Thread 0: Error message 3
[2025-04-11 10:47:42] DEBUG: Thread 0: Debug message 4
[2025-04-11 10:47:42] WARN: Thread 0: Warning message 4
[2025-04-11 10:47:42] ERROR: Thread 0: Error message 4
[2025-04-11 10:47:42] WARN: Thread 4: Warning message 0
[2025-04-11 10:47:42] ERROR: Thread 4: Error message 0
[2025-04-11 10:47:42] DEBUG: Thread 4: Debug message 1
[2025-04-11 10:47:42] WARN: Thread 4: Warning message 1
[2025-04-11 10:47:42] ERROR: Thread 4: Error message 1
[2025-04-11 10:47:42] DEBUG: Thread 4: Debug message 2
[2025-04-11 10:47:42] WARN: Thread 4: Warning message 2
[2025-04-11 10:47:42] ERROR: Thread 4: Error message 2
[2025-04-11 10:47:42] DEBUG: Thread 4: Debug message 3
[2025-04-11 10:47:42] WARN: Thread 4: Warning message 3
[2025-04-11 10:47:42] ERROR: Thread 4: Error message 3
[2025-04-11 10:47:42] DEBUG: Thread 4: Debug message 4
[2025-04-11 10:47:42] WARN: Thread 4: Warning message 4
[2025-04-11 10:47:42] ERROR: Thread 4: Error message 4
[2025-04-11 10:47:42] DEBUG: Thread 1: Debug message 0
[2025-04-11 10:47:42] WARN: Thread 1: Warning message 0
[2025-04-11 10:47:42] ERROR: Thread 1: Error message 0
[2025-04-11 10:47:42] DEBUG: Thread 1: Debug message 1
[2025-04-11 10:47:42] WARN: Thread 1: Warning message 1
[2025-04-11 10:47:42] ERROR: Thread 1: Error message 1
[2025-04-11 10:47:42] DEBUG: Thread 1: Debug message 2
[2025-04-11 10:47:42] WARN: Thread 1: Warning message 2
[2025-04-11 10:47:42] ERROR: Thread 1: Error message 2
[2025-04-11 10:47:42] DEBUG: Thread 1: Debug message 3
[2025-04-11 10:47:42] WARN: Thread 1: Warning message 3
[2025-04-11 10:47:42] ERROR: Thread 1: Error message 3
[2025-04-11 10:47:42] DEBUG: Thread 1: Debug message 4
[2025-04-11 10:47:42] WARN: Thread 1: Warning message 4
[2025-04-11 10:47:42] ERROR: Thread 1: Error message 4
[2025-04-11 10:47:42] WARN: Thread 3: Warning message 2
[2025-04-11 10:47:42] ERROR: Thread 3: Error message 2
[2025-04-11 10:47:42] DEBUG: Thread 3: Debug message 3
[2025-04-11 10:47:42] WARN: Thread 3: Warning message 3
[2025-04-11 10:47:42] ERROR: Thread 3: Error message 3
[2025-04-11 10:47:42] DEBUG: Thread 3: Debug message 4
[2025-04-11 10:47:42] WARN: Thread 3: Warning message 4
[2025-04-11 10:47:42] ERROR: Thread 3: Error message 4
[2025-04-11 10:49:29] DEBUG: === Multi-threaded logging test started ===
[2025-04-11 10:49:29] DEBUG: Thread 2: Debug message 0
[2025-04-11 10:49:29] DEBUG: Thread 0: Debug message 0
[2025-04-11 10:49:29] WARN: Thread 0: Warning message 0
[2025-04-11 10:49:29] ERROR: Thread 0: Error message 0
[2025-04-11 10:49:29] DEBUG: Thread 0: Debug message 1
[2025-04-11 10:49:29] WARN: Thread 0: Warning message 1
[2025-04-11 10:49:29] ERROR: Thread 0: Error message 1
[2025-04-11 10:49:29] DEBUG: Thread 0: Debug message 2
[2025-04-11 10:49:29] DEBUG: Thread 4: Debug message 0
[2025-04-11 10:49:29] DEBUG: Thread 1: Debug message 0
[2025-04-11 10:49:29] WARN: Thread 1: Warning message 0
[2025-04-11 10:49:29] ERROR: Thread 1: Error message 0
[2025-04-11 10:49:29] DEBUG: Thread 1: Debug message 1
[2025-04-11 10:49:29] WARN: Thread 1: Warning message 1
[2025-04-11 10:49:29] ERROR: Thread 1: Error message 1
[2025-04-11 10:49:29] DEBUG: Thread 1: Debug message 2
[2025-04-11 10:49:29] WARN: Thread 1: Warning message 2
[2025-04-11 10:49:29] ERROR: Thread 1: Error message 2
[2025-04-11 10:49:29] DEBUG: Thread 1: Debug message 3
[2025-04-11 10:49:29] WARN: Thread 1: Warning message 3
[2025-04-11 10:49:29] ERROR: Thread 1: Error message 3
[2025-04-11 10:49:29] DEBUG: Thread 1: Debug message 4
[2025-04-11 10:49:29] WARN: Thread 1: Warning message 4
[2025-04-11 10:49:29] ERROR: Thread 1: Error message 4
[2025-04-11 10:49:29] WARN: Thread 2: Warning message 0
[2025-04-11 10:49:29] WARN: Thread 0: Warning message 2
[2025-04-11 10:49:29] ERROR: Thread 2: Error message 0
[2025-04-11 10:49:29] DEBUG: Thread 3: Debug message 0
[2025-04-11 10:49:29] WARN: Thread 3: Warning message 0
[2025-04-11 10:49:29] ERROR: Thread 3: Error message 0
[2025-04-11 10:49:29] DEBUG: Thread 3: Debug message 1
[2025-04-11 10:49:29] WARN: Thread 3: Warning message 1
[2025-04-11 10:49:29] ERROR: Thread 3: Error message 1
[2025-04-11 10:49:29] DEBUG: Thread 3: Debug message 2
[2025-04-11 10:49:29] WARN: Thread 3: Warning message 2
[2025-04-11 10:49:29] ERROR: Thread 3: Error message 2
[2025-04-11 10:49:29] DEBUG: Thread 3: Debug message 3
[2025-04-11 10:49:29] WARN: Thread 3: Warning message 3
[2025-04-11 10:49:29] ERROR: Thread 3: Error message 3
[2025-04-11 10:49:29] DEBUG: Thread 3: Debug message 4
[2025-04-11 10:49:29] WARN: Thread 3: Warning message 4
[2025-04-11 10:49:29] ERROR: Thread 3: Error message 4
[2025-04-11 10:49:29] WARN: Thread 4: Warning message 0
[2025-04-11 10:49:29] ERROR: Thread 4: Error message 0
[2025-04-11 10:49:29] DEBUG: Thread 4: Debug message 1
[2025-04-11 10:49:29] WARN: Thread 4: Warning message 1
[2025-04-11 10:49:29] ERROR: Thread 4: Error message 1
[2025-04-11 10:49:29] DEBUG: Thread 4: Debug message 2
[2025-04-11 10:49:29] WARN: Thread 4: Warning message 2
[2025-04-11 10:49:29] ERROR: Thread 4: Error message 2
[2025-04-11 10:49:29] ERROR: Thread 0: Error message 2
[2025-04-11 10:49:29] DEBUG: Thread 0: Debug message 3
[2025-04-11 10:49:29] WARN: Thread 0: Warning message 3
[2025-04-11 10:49:29] ERROR: Thread 0: Error message 3
[2025-04-11 10:49:29] DEBUG: Thread 0: Debug message 4
[2025-04-11 10:49:29] WARN: Thread 0: Warning message 4
[2025-04-11 10:49:29] ERROR: Thread 0: Error message 4
[2025-04-11 10:49:29] DEBUG: Thread 4: Debug message 3
[2025-04-11 10:49:29] WARN: Thread 4: Warning message 3
[2025-04-11 10:49:29] ERROR: Thread 4: Error message 3
[2025-04-11 10:49:29] DEBUG: Thread 4: Debug message 4
[2025-04-11 10:49:29] WARN: Thread 4: Warning message 4
[2025-04-11 10:49:29] ERROR: Thread 4: Error message 4
[2025-04-11 10:49:29] DEBUG: Thread 2: Debug message 1
[2025-04-11 10:49:29] WARN: Thread 2: Warning message 1
[2025-04-11 10:49:29] ERROR: Thread 2: Error message 1
[2025-04-11 10:49:29] DEBUG: Thread 2: Debug message 2
[2025-04-11 10:49:29] WARN: Thread 2: Warning message 2
[2025-04-11 10:49:29] ERROR: Thread 2: Error message 2
[2025-04-11 10:49:29] DEBUG: Thread 2: Debug message 3
[2025-04-11 10:49:29] WARN: Thread 2: Warning message 3
[2025-04-11 10:49:29] ERROR: Thread 2: Error message 3
[2025-04-11 10:49:29] DEBUG: Thread 2: Debug message 4
[2025-04-11 10:49:29] WARN: Thread 2: Warning message 4
[2025-04-11 10:49:29] ERROR: Thread 2: Error message 4
[2025-04-11 10:49:29] DEBUG: === Multi-threaded logging test completed ===

[2025-04-11 10:50:14] DEBUG: === Multi-threaded logging test started ===
[2025-04-11 10:50:14] DEBUG: Thread 2: Debug message 0
[2025-04-11 10:50:14] DEBUG: Thread 1: Debug message 0
[2025-04-11 10:50:14] WARN: Thread 1: Warning message 0
[2025-04-11 10:50:14] ERROR: Thread 1: Error message 0
[2025-04-11 10:50:14] DEBUG: Thread 1: Debug message 1
[2025-04-11 10:50:14] WARN: Thread 1: Warning message 1
[2025-04-11 10:50:14] ERROR: Thread 1: Error message 1
[2025-04-11 10:50:14] DEBUG: Thread 1: Debug message 2
[2025-04-11 10:50:14] WARN: Thread 1: Warning message 2
[2025-04-11 10:50:14] ERROR: Thread 1: Error message 2
[2025-04-11 10:50:14] DEBUG: Thread 1: Debug message 3
[2025-04-11 10:50:14] WARN: Thread 1: Warning message 3
[2025-04-11 10:50:14] ERROR: Thread 1: Error message 3
[2025-04-11 10:50:14] DEBUG: Thread 1: Debug message 4
[2025-04-11 10:50:14] WARN: Thread 1: Warning message 4
[2025-04-11 10:50:14] ERROR: Thread 1: Error message 4
[2025-04-11 10:50:14] DEBUG: Thread 4: Debug message 0
[2025-04-11 10:50:14] DEBUG: Thread 0: Debug message 0
[2025-04-11 10:50:14] DEBUG: Thread 3: Debug message 0
[2025-04-11 10:50:14] WARN: Thread 3: Warning message 0
[2025-04-11 10:50:14] WARN: Thread 0: Warning message 0
[2025-04-11 10:50:14] ERROR: Thread 0: Error message 0
[2025-04-11 10:50:14] DEBUG: Thread 0: Debug message 1
[2025-04-11 10:50:14] WARN: Thread 0: Warning message 1
[2025-04-11 10:50:14] ERROR: Thread 0: Error message 1
[2025-04-11 10:50:14] DEBUG: Thread 0: Debug message 2
[2025-04-11 10:50:14] WARN: Thread 0: Warning message 2
[2025-04-11 10:50:14] ERROR: Thread 0: Error message 2
[2025-04-11 10:50:14] DEBUG: Thread 0: Debug message 3
[2025-04-11 10:50:14] WARN: Thread 0: Warning message 3
[2025-04-11 10:50:14] ERROR: Thread 0: Error message 3
[2025-04-11 10:50:14] DEBUG: Thread 0: Debug message 4
[2025-04-11 10:50:14] WARN: Thread 0: Warning message 4
[2025-04-11 10:50:14] ERROR: Thread 0: Error message 4
[2025-04-11 10:50:14] WARN: Thread 4: Warning message 0
[2025-04-11 10:50:14] ERROR: Thread 4: Error message 0
[2025-04-11 10:50:14] DEBUG: Thread 4: Debug message 1
[2025-04-11 10:50:14] WARN: Thread 4: Warning message 1
[2025-04-11 10:50:14] ERROR: Thread 4: Error message 1
[2025-04-11 10:50:14] DEBUG: Thread 4: Debug message 2
[2025-04-11 10:50:14] WARN: Thread 4: Warning message 2
[2025-04-11 10:50:14] ERROR: Thread 4: Error message 2
[2025-04-11 10:50:14] DEBUG: Thread 4: Debug message 3
[2025-04-11 10:50:14] WARN: Thread 4: Warning message 3
[2025-04-11 10:50:14] ERROR: Thread 4: Error message 3
[2025-04-11 10:50:14] DEBUG: Thread 4: Debug message 4
[2025-04-11 10:50:14] WARN: Thread 4: Warning message 4
[2025-04-11 10:50:14] ERROR: Thread 3: Error message 0
[2025-04-11 10:50:14] DEBUG: Thread 3: Debug message 1
[2025-04-11 10:50:14] WARN: Thread 3: Warning message 1
[2025-04-11 10:50:14] ERROR: Thread 3: Error message 1
[2025-04-11 10:50:14] DEBUG: Thread 3: Debug message 2
[2025-04-11 10:50:14] WARN: Thread 3: Warning message 2
[2025-04-11 10:50:14] ERROR: Thread 3: Error message 2
[2025-04-11 10:50:14] DEBUG: Thread 3: Debug message 3
[2025-04-11 10:50:14] WARN: Thread 3: Warning message 3
[2025-04-11 10:50:14] ERROR: Thread 3: Error message 3
[2025-04-11 10:50:14] DEBUG: Thread 3: Debug message 4
[2025-04-11 10:50:14] WARN: Thread 3: Warning message 4
[2025-04-11 10:50:14] ERROR: Thread 3: Error message 4
[2025-04-11 10:50:14] WARN: Thread 2: Warning message 0
[2025-04-11 10:50:14] ERROR: Thread 2: Error message 0
[2025-04-11 10:50:14] DEBUG: Thread 2: Debug message 1
[2025-04-11 10:50:14] WARN: Thread 2: Warning message 1
[2025-04-11 10:50:14] ERROR: Thread 2: Error message 1
[2025-04-11 10:50:14] DEBUG: Thread 2: Debug message 2
[2025-04-11 10:50:14] WARN: Thread 2: Warning message 2
[2025-04-11 10:50:14] ERROR: Thread 2: Error message 2
[2025-04-11 10:50:14] DEBUG: Thread 2: Debug message 3
[2025-04-11 10:50:14] WARN: Thread 2: Warning message 3
[2025-04-11 10:50:14] ERROR: Thread 2: Error message 3
[2025-04-11 10:50:14] DEBUG: Thread 2: Debug message 4
[2025-04-11 10:50:14] WARN: Thread 2: Warning message 4
[2025-04-11 10:50:14] ERROR: Thread 2: Error message 4
[2025-04-11 10:50:14] ERROR: Thread 4: Error message 4
[2025-04-11 10:50:14] DEBUG: === Multi-threaded logging test completed ===

[2025-04-11 10:50:15] DEBUG: === Multi-threaded logging test started ===
[2025-04-11 10:50:15] DEBUG: Thread 0: Debug message 0
[2025-04-11 10:50:15] WARN: Thread 0: Warning message 0
[2025-04-11 10:50:15] ERROR: Thread 0: Error message 0
[2025-04-11 10:50:15] DEBUG: Thread 0: Debug message 1
[2025-04-11 10:50:15] WARN: Thread 0: Warning message 1
[2025-04-11 10:50:15] ERROR: Thread 0: Error message 1
[2025-04-11 10:50:15] DEBUG: Thread 0: Debug message 2
[2025-04-11 10:50:15] WARN: Thread 0: Warning message 2
[2025-04-11 10:50:15] ERROR: Thread 0: Error message 2
[2025-04-11 10:50:15] DEBUG: Thread 0: Debug message 3
[2025-04-11 10:50:15] WARN: Thread 0: Warning message 3
[2025-04-11 10:50:15] ERROR: Thread 0: Error message 3
[2025-04-11 10:50:15] DEBUG: Thread 0: Debug message 4
[2025-04-11 10:50:15] WARN: Thread 0: Warning message 4
[2025-04-11 10:50:15] ERROR: Thread 0: Error message 4
[2025-04-11 10:50:15] DEBUG: Thread 2: Debug message 0
[2025-04-11 10:50:15] DEBUG: Thread 1: Debug message 0
[2025-04-11 10:50:15] WARN: Thread 1: Warning message 0
[2025-04-11 10:50:15] ERROR: Thread 1: Error message 0
[2025-04-11 10:50:15] DEBUG: Thread 1: Debug message 1
[2025-04-11 10:50:15] WARN: Thread 1: Warning message 1
[2025-04-11 10:50:15] ERROR: Thread 1: Error message 1
[2025-04-11 10:50:15] DEBUG: Thread 1: Debug message 2
[2025-04-11 10:50:15] WARN: Thread 1: Warning message 2
[2025-04-11 10:50:15] ERROR: Thread 1: Error message 2
[2025-04-11 10:50:15] DEBUG: Thread 1: Debug message 3
[2025-04-11 10:50:15] WARN: Thread 1: Warning message 3
[2025-04-11 10:50:15] ERROR: Thread 1: Error message 3
[2025-04-11 10:50:15] DEBUG: Thread 1: Debug message 4
[2025-04-11 10:50:15] WARN: Thread 1: Warning message 4
[2025-04-11 10:50:15] ERROR: Thread 1: Error message 4
[2025-04-11 10:50:15] DEBUG: Thread 3: Debug message 0
[2025-04-11 10:50:15] WARN: Thread 3: Warning message 0
[2025-04-11 10:50:15] ERROR: Thread 3: Error message 0
[2025-04-11 10:50:15] DEBUG: Thread 3: Debug message 1
[2025-04-11 10:50:15] WARN: Thread 3: Warning message 1
[2025-04-11 10:50:15] ERROR: Thread 3: Error message 1
[2025-04-11 10:50:15] DEBUG: Thread 3: Debug message 2
[2025-04-11 10:50:15] WARN: Thread 3: Warning message 2
[2025-04-11 10:50:15] ERROR: Thread 3: Error message 2
[2025-04-11 10:50:15] DEBUG: Thread 3: Debug message 3
[2025-04-11 10:50:15] WARN: Thread 3: Warning message 3
[2025-04-11 10:50:15] ERROR: Thread 3: Error message 3
[2025-04-11 10:50:15] DEBUG: Thread 3: Debug message 4
[2025-04-11 10:50:15] WARN: Thread 3: Warning message 4
[2025-04-11 10:50:15] ERROR: Thread 3: Error message 4
[2025-04-11 10:50:15] WARN: Thread 2: Warning message 0
[2025-04-11 10:50:15] ERROR: Thread 2: Error message 0
[2025-04-11 10:50:15] DEBUG: Thread 2: Debug message 1
[2025-04-11 10:50:15] WARN: Thread 2: Warning message 1
[2025-04-11 10:50:15] ERROR: Thread 2: Error message 1
[2025-04-11 10:50:15] DEBUG: Thread 2: Debug message 2
[2025-04-11 10:50:15] WARN: Thread 2: Warning message 2
[2025-04-11 10:50:15] ERROR: Thread 2: Error message 2
[2025-04-11 10:50:15] DEBUG: Thread 2: Debug message 3
[2025-04-11 10:50:15] WARN: Thread 2: Warning message 3
[2025-04-11 10:50:15] ERROR: Thread 2: Error message 3
[2025-04-11 10:50:15] DEBUG: Thread 2: Debug message 4
[2025-04-11 10:50:15] WARN: Thread 2: Warning message 4
[2025-04-11 10:50:15] ERROR: Thread 2: Error message 4
[2025-04-11 10:50:15] DEBUG: Thread 4: Debug message 0
[2025-04-11 10:50:15] WARN: Thread 4: Warning message 0
[2025-04-11 10:50:15] ERROR: Thread 4: Error message 0
[2025-04-11 10:50:15] DEBUG: Thread 4: Debug message 1
[2025-04-11 10:50:15] WARN: Thread 4: Warning message 1
[2025-04-11 10:50:15] ERROR: Thread 4: Error message 1
[2025-04-11 10:50:15] DEBUG: Thread 4: Debug message 2
[2025-04-11 10:50:15] WARN: Thread 4: Warning message 2
[2025-04-11 10:50:15] ERROR: Thread 4: Error message 2
[2025-04-11 10:50:15] DEBUG: Thread 4: Debug message 3
[2025-04-11 10:50:15] WARN: Thread 4: Warning message 3
[2025-04-11 10:50:15] ERROR: Thread 4: Error message 3
[2025-04-11 10:50:15] DEBUG: Thread 4: Debug message 4
[2025-04-11 10:50:15] WARN: Thread 4: Warning message 4
[2025-04-11 10:50:15] ERROR: Thread 4: Error message 4
[2025-04-11 10:50:15] DEBUG: === Multi-threaded logging test completed ===

